[0.006s] Invoking command in '/home/albertl/Desktop/ros_debug/build/talk_listen': ADE_DOCKER_RUN_ARGS=--privileged CMAKE_PREFIX_PATH=/opt/ros/humble /usr/bin/cmake /home/albertl/Desktop/ros_debug/talk_listen -DCMAKE_INSTALL_PREFIX=/home/albertl/Desktop/ros_debug/install/talk_listen
[0.051s] -- The C compiler identification is GNU 11.4.0
[0.097s] -- The CXX compiler identification is GNU 11.4.0
[0.102s] -- Detecting C compiler ABI info
[0.165s] -- Detecting C compiler ABI info - done
[0.170s] -- Check for working C compiler: /usr/bin/cc - skipped
[0.170s] -- Detecting C compile features
[0.170s] -- Detecting C compile features - done
[0.172s] -- Detecting CXX compiler ABI info
[0.234s] -- Detecting CXX compiler ABI info - done
[0.239s] -- Check for working CXX compiler: /usr/bin/c++ - skipped
[0.239s] -- Detecting CXX compile features
[0.239s] -- Detecting CXX compile features - done
[0.241s] -- Found ament_cmake: 1.3.8 (/opt/ros/humble/share/ament_cmake/cmake)
[0.347s] -- Found Python3: /usr/bin/python3 (found version "3.10.12") found components: Interpreter 
[0.400s] -- Found rclcpp: 16.0.8 (/opt/ros/humble/share/rclcpp/cmake)
[0.438s] -- Found rosidl_generator_c: 3.1.5 (/opt/ros/humble/share/rosidl_generator_c/cmake)
[0.440s] -- Found rosidl_adapter: 3.1.5 (/opt/ros/humble/share/rosidl_adapter/cmake)
[0.446s] -- Found rosidl_generator_cpp: 3.1.5 (/opt/ros/humble/share/rosidl_generator_cpp/cmake)
[0.454s] -- Using all available rosidl_typesupport_c: rosidl_typesupport_fastrtps_c;rosidl_typesupport_introspection_c
[0.466s] -- Using all available rosidl_typesupport_cpp: rosidl_typesupport_fastrtps_cpp;rosidl_typesupport_introspection_cpp
[0.511s] -- Found rmw_implementation_cmake: 6.1.1 (/opt/ros/humble/share/rmw_implementation_cmake/cmake)
[0.513s] -- Found rmw_fastrtps_cpp: 6.2.6 (/opt/ros/humble/share/rmw_fastrtps_cpp/cmake)
[0.576s] -- Found OpenSSL: /usr/lib/x86_64-linux-gnu/libcrypto.so (found version "3.0.2")  
[0.594s] -- Found FastRTPS: /opt/ros/humble/include  
[0.626s] -- Using RMW implementation 'rmw_fastrtps_cpp' as default
[0.632s] -- Looking for pthread.h
[0.701s] -- Looking for pthread.h - found
[0.701s] -- Performing Test CMAKE_HAVE_LIBC_PTHREAD
[0.769s] -- Performing Test CMAKE_HAVE_LIBC_PTHREAD - Success
[0.770s] -- Found Threads: TRUE  
[0.917s] -- Configuring done
[0.924s] -- Generating done
[0.924s] -- Build files have been written to: /home/albertl/Desktop/ros_debug/build/talk_listen
[0.931s] Invoked command in '/home/albertl/Desktop/ros_debug/build/talk_listen' returned '0': ADE_DOCKER_RUN_ARGS=--privileged CMAKE_PREFIX_PATH=/opt/ros/humble /usr/bin/cmake /home/albertl/Desktop/ros_debug/talk_listen -DCMAKE_INSTALL_PREFIX=/home/albertl/Desktop/ros_debug/install/talk_listen
[0.932s] Invoking command in '/home/albertl/Desktop/ros_debug/build/talk_listen': ADE_DOCKER_RUN_ARGS=--privileged CMAKE_PREFIX_PATH=/opt/ros/humble /usr/bin/cmake --build /home/albertl/Desktop/ros_debug/build/talk_listen -- -j32 -l32
[0.974s] [ 25%] [32mBuilding CXX object CMakeFiles/talker.dir/src/talker.cpp.o[0m
[0.974s] [ 50%] [32mBuilding CXX object CMakeFiles/listener.dir/src/listener.cpp.o[0m
[4.301s] [ 75%] [32m[1mLinking CXX executable talker[0m
[4.440s] [ 75%] Built target talker
[7.195s] [100%] [32m[1mLinking CXX executable listener[0m
[7.492s] [100%] Built target listener
[7.502s] Invoked command in '/home/albertl/Desktop/ros_debug/build/talk_listen' returned '0': ADE_DOCKER_RUN_ARGS=--privileged CMAKE_PREFIX_PATH=/opt/ros/humble /usr/bin/cmake --build /home/albertl/Desktop/ros_debug/build/talk_listen -- -j32 -l32
[7.545s] Invoking command in '/home/albertl/Desktop/ros_debug/build/talk_listen': ADE_DOCKER_RUN_ARGS=--privileged CMAKE_PREFIX_PATH=/opt/ros/humble /usr/bin/cmake --install /home/albertl/Desktop/ros_debug/build/talk_listen
[7.553s] -- Install configuration: "Debug"
[7.553s] -- Installing: /home/albertl/Desktop/ros_debug/install/talk_listen/lib/talk_listen/talker
[7.556s] -- Set runtime path of "/home/albertl/Desktop/ros_debug/install/talk_listen/lib/talk_listen/talker" to ""
[7.557s] -- Installing: /home/albertl/Desktop/ros_debug/install/talk_listen/lib/talk_listen/listener
[7.565s] -- Set runtime path of "/home/albertl/Desktop/ros_debug/install/talk_listen/lib/talk_listen/listener" to ""
[7.565s] -- Installing: /home/albertl/Desktop/ros_debug/install/talk_listen/share/talk_listen/launch
[7.566s] -- Installing: /home/albertl/Desktop/ros_debug/install/talk_listen/share/ament_index/resource_index/package_run_dependencies/talk_listen
[7.566s] -- Installing: /home/albertl/Desktop/ros_debug/install/talk_listen/share/ament_index/resource_index/parent_prefix_path/talk_listen
[7.566s] -- Installing: /home/albertl/Desktop/ros_debug/install/talk_listen/share/talk_listen/environment/ament_prefix_path.sh
[7.566s] -- Installing: /home/albertl/Desktop/ros_debug/install/talk_listen/share/talk_listen/environment/ament_prefix_path.dsv
[7.566s] -- Installing: /home/albertl/Desktop/ros_debug/install/talk_listen/share/talk_listen/environment/path.sh
[7.566s] -- Installing: /home/albertl/Desktop/ros_debug/install/talk_listen/share/talk_listen/environment/path.dsv
[7.566s] -- Installing: /home/albertl/Desktop/ros_debug/install/talk_listen/share/talk_listen/local_setup.bash
[7.566s] -- Installing: /home/albertl/Desktop/ros_debug/install/talk_listen/share/talk_listen/local_setup.sh
[7.566s] -- Installing: /home/albertl/Desktop/ros_debug/install/talk_listen/share/talk_listen/local_setup.zsh
[7.566s] -- Installing: /home/albertl/Desktop/ros_debug/install/talk_listen/share/talk_listen/local_setup.dsv
[7.566s] -- Installing: /home/albertl/Desktop/ros_debug/install/talk_listen/share/talk_listen/package.dsv
[7.566s] -- Installing: /home/albertl/Desktop/ros_debug/install/talk_listen/share/ament_index/resource_index/packages/talk_listen
[7.566s] -- Installing: /home/albertl/Desktop/ros_debug/install/talk_listen/share/talk_listen/cmake/talk_listenConfig.cmake
[7.566s] -- Installing: /home/albertl/Desktop/ros_debug/install/talk_listen/share/talk_listen/cmake/talk_listenConfig-version.cmake
[7.566s] -- Installing: /home/albertl/Desktop/ros_debug/install/talk_listen/share/talk_listen/package.xml
[7.567s] Invoked command in '/home/albertl/Desktop/ros_debug/build/talk_listen' returned '0': ADE_DOCKER_RUN_ARGS=--privileged CMAKE_PREFIX_PATH=/opt/ros/humble /usr/bin/cmake --install /home/albertl/Desktop/ros_debug/build/talk_listen
