[0.069s] DEBUG:colcon:Command line arguments: ['/usr/bin/colcon', 'build', '--packages-select', 'talk_listen']
[0.069s] DEBUG:colcon:Parsed command line arguments: Namespace(log_base=None, log_level=None, verb_name='build', build_base='build', install_base='install', merge_install=False, symlink_install=False, test_result_base=None, continue_on_error=False, executor='parallel', parallel_workers=32, event_handlers=None, ignore_user_meta=False, metas=['./colcon.meta'], base_paths=['.'], packages_ignore=None, packages_ignore_regex=None, paths=None, packages_up_to=None, packages_up_to_regex=None, packages_above=None, packages_above_and_dependencies=None, packages_above_depth=None, packages_select_by_dep=None, packages_skip_by_dep=None, packages_skip_up_to=None, packages_select_build_failed=False, packages_skip_build_finished=False, packages_select_test_failures=False, packages_skip_test_passed=False, packages_select=['talk_listen'], packages_skip=None, packages_select_regex=None, packages_skip_regex=None, packages_start=None, packages_end=None, allow_overriding=[], cmake_args=None, cmake_target=None, cmake_target_skip_unavailable=False, cmake_clean_cache=False, cmake_clean_first=False, cmake_force_configure=False, ament_cmake_args=None, catkin_cmake_args=None, catkin_skip_building_tests=False, verb_parser=<colcon_defaults.argument_parser.defaults.DefaultArgumentsDecorator object at 0x79992b7dd450>, verb_extension=<colcon_core.verb.build.BuildVerb object at 0x79992b94a050>, main=<bound method BuildVerb.main of <colcon_core.verb.build.BuildVerb object at 0x79992b94a050>>)
[0.176s] Level 1:colcon.colcon_core.package_discovery:discover_packages(colcon_meta) check parameters
[0.177s] Level 1:colcon.colcon_core.package_discovery:discover_packages(recursive) check parameters
[0.177s] Level 1:colcon.colcon_core.package_discovery:discover_packages(ignore) check parameters
[0.177s] Level 1:colcon.colcon_core.package_discovery:discover_packages(path) check parameters
[0.177s] Level 1:colcon.colcon_core.package_discovery:discover_packages(colcon_meta) discover
[0.177s] Level 1:colcon.colcon_core.package_discovery:discover_packages(recursive) discover
[0.177s] INFO:colcon.colcon_core.package_discovery:Crawling recursively for packages in '/home/albertl/Desktop/ros_debug'
[0.177s] Level 1:colcon.colcon_core.package_identification:_identify(.) by extensions ['ignore', 'ignore_ament_install']
[0.177s] Level 1:colcon.colcon_core.package_identification:_identify(.) by extension 'ignore'
[0.177s] Level 1:colcon.colcon_core.package_identification:_identify(.) by extension 'ignore_ament_install'
[0.177s] Level 1:colcon.colcon_core.package_identification:_identify(.) by extensions ['colcon_pkg']
[0.177s] Level 1:colcon.colcon_core.package_identification:_identify(.) by extension 'colcon_pkg'
[0.177s] Level 1:colcon.colcon_core.package_identification:_identify(.) by extensions ['colcon_meta']
[0.177s] Level 1:colcon.colcon_core.package_identification:_identify(.) by extension 'colcon_meta'
[0.177s] Level 1:colcon.colcon_core.package_identification:_identify(.) by extensions ['ros']
[0.177s] Level 1:colcon.colcon_core.package_identification:_identify(.) by extension 'ros'
[0.185s] Level 1:colcon.colcon_core.package_identification:_identify(.) by extensions ['cmake', 'python']
[0.185s] Level 1:colcon.colcon_core.package_identification:_identify(.) by extension 'cmake'
[0.185s] Level 1:colcon.colcon_core.package_identification:_identify(.) by extension 'python'
[0.185s] Level 1:colcon.colcon_core.package_identification:_identify(.) by extensions ['python_setup_py']
[0.185s] Level 1:colcon.colcon_core.package_identification:_identify(.) by extension 'python_setup_py'
[0.185s] Level 1:colcon.colcon_core.package_identification:_identify(build) by extensions ['ignore', 'ignore_ament_install']
[0.185s] Level 1:colcon.colcon_core.package_identification:_identify(build) by extension 'ignore'
[0.185s] Level 1:colcon.colcon_core.package_identification:_identify(build) ignored
[0.185s] Level 1:colcon.colcon_core.package_identification:_identify(install) by extensions ['ignore', 'ignore_ament_install']
[0.185s] Level 1:colcon.colcon_core.package_identification:_identify(install) by extension 'ignore'
[0.185s] Level 1:colcon.colcon_core.package_identification:_identify(install) ignored
[0.185s] Level 1:colcon.colcon_core.package_identification:_identify(log) by extensions ['ignore', 'ignore_ament_install']
[0.185s] Level 1:colcon.colcon_core.package_identification:_identify(log) by extension 'ignore'
[0.185s] Level 1:colcon.colcon_core.package_identification:_identify(log) ignored
[0.185s] Level 1:colcon.colcon_core.package_identification:_identify(talk_listen) by extensions ['ignore', 'ignore_ament_install']
[0.185s] Level 1:colcon.colcon_core.package_identification:_identify(talk_listen) by extension 'ignore'
[0.185s] Level 1:colcon.colcon_core.package_identification:_identify(talk_listen) by extension 'ignore_ament_install'
[0.185s] Level 1:colcon.colcon_core.package_identification:_identify(talk_listen) by extensions ['colcon_pkg']
[0.185s] Level 1:colcon.colcon_core.package_identification:_identify(talk_listen) by extension 'colcon_pkg'
[0.185s] Level 1:colcon.colcon_core.package_identification:_identify(talk_listen) by extensions ['colcon_meta']
[0.185s] Level 1:colcon.colcon_core.package_identification:_identify(talk_listen) by extension 'colcon_meta'
[0.185s] Level 1:colcon.colcon_core.package_identification:_identify(talk_listen) by extensions ['ros']
[0.185s] Level 1:colcon.colcon_core.package_identification:_identify(talk_listen) by extension 'ros'
[0.187s] DEBUG:colcon.colcon_core.package_identification:Package 'talk_listen' with type 'ros.ament_cmake' and name 'talk_listen'
[0.187s] Level 1:colcon.colcon_core.package_discovery:discover_packages(recursive) using defaults
[0.187s] Level 1:colcon.colcon_core.package_discovery:discover_packages(ignore) discover
[0.187s] Level 1:colcon.colcon_core.package_discovery:discover_packages(ignore) using defaults
[0.187s] Level 1:colcon.colcon_core.package_discovery:discover_packages(path) discover
[0.187s] Level 1:colcon.colcon_core.package_discovery:discover_packages(path) using defaults
[0.208s] Level 1:colcon.colcon_core.package_discovery:discover_packages(prefix_path) check parameters
[0.208s] Level 1:colcon.colcon_core.package_discovery:discover_packages(prefix_path) discover
[0.209s] DEBUG:colcon.colcon_installed_package_information.package_discovery:Found 270 installed packages in /opt/ros/humble
[0.210s] Level 1:colcon.colcon_core.package_discovery:discover_packages(prefix_path) using defaults
[0.232s] Level 5:colcon.colcon_core.verb:set package 'talk_listen' build argument 'cmake_args' from command line to 'None'
[0.232s] Level 5:colcon.colcon_core.verb:set package 'talk_listen' build argument 'cmake_target' from command line to 'None'
[0.232s] Level 5:colcon.colcon_core.verb:set package 'talk_listen' build argument 'cmake_target_skip_unavailable' from command line to 'False'
[0.232s] Level 5:colcon.colcon_core.verb:set package 'talk_listen' build argument 'cmake_clean_cache' from command line to 'False'
[0.232s] Level 5:colcon.colcon_core.verb:set package 'talk_listen' build argument 'cmake_clean_first' from command line to 'False'
[0.232s] Level 5:colcon.colcon_core.verb:set package 'talk_listen' build argument 'cmake_force_configure' from command line to 'False'
[0.232s] Level 5:colcon.colcon_core.verb:set package 'talk_listen' build argument 'ament_cmake_args' from command line to 'None'
[0.232s] Level 5:colcon.colcon_core.verb:set package 'talk_listen' build argument 'catkin_cmake_args' from command line to 'None'
[0.232s] Level 5:colcon.colcon_core.verb:set package 'talk_listen' build argument 'catkin_skip_building_tests' from command line to 'False'
[0.232s] DEBUG:colcon.colcon_core.verb:Building package 'talk_listen' with the following arguments: {'ament_cmake_args': None, 'build_base': '/home/albertl/Desktop/ros_debug/build/talk_listen', 'catkin_cmake_args': None, 'catkin_skip_building_tests': False, 'cmake_args': None, 'cmake_clean_cache': False, 'cmake_clean_first': False, 'cmake_force_configure': False, 'cmake_target': None, 'cmake_target_skip_unavailable': False, 'install_base': '/home/albertl/Desktop/ros_debug/install/talk_listen', 'merge_install': False, 'path': '/home/albertl/Desktop/ros_debug/talk_listen', 'symlink_install': False, 'test_result_base': None}
[0.232s] INFO:colcon.colcon_core.executor:Executing jobs using 'parallel' executor
[0.233s] DEBUG:colcon.colcon_parallel_executor.executor.parallel:run_until_complete
[0.233s] INFO:colcon.colcon_ros.task.ament_cmake.build:Building ROS package in '/home/albertl/Desktop/ros_debug/talk_listen' with build type 'ament_cmake'
[0.233s] INFO:colcon.colcon_cmake.task.cmake.build:Building CMake package in '/home/albertl/Desktop/ros_debug/talk_listen'
[0.234s] INFO:colcon.colcon_core.plugin_system:Skipping extension 'colcon_core.shell.bat': Not used on non-Windows systems
[0.234s] INFO:colcon.colcon_core.shell:Skip shell extension 'powershell' for command environment: Not usable outside of PowerShell
[0.234s] DEBUG:colcon.colcon_core.shell:Skip shell extension 'dsv' for command environment
[0.240s] DEBUG:colcon.colcon_core.event_handler.log_command:Invoking command in '/home/albertl/Desktop/ros_debug/build/talk_listen': ADE_DOCKER_RUN_ARGS=--privileged CMAKE_PREFIX_PATH=/opt/ros/humble /usr/bin/cmake /home/albertl/Desktop/ros_debug/talk_listen -DCMAKE_INSTALL_PREFIX=/home/albertl/Desktop/ros_debug/install/talk_listen
[1.164s] DEBUG:colcon.colcon_core.event_handler.log_command:Invoked command in '/home/albertl/Desktop/ros_debug/build/talk_listen' returned '0': ADE_DOCKER_RUN_ARGS=--privileged CMAKE_PREFIX_PATH=/opt/ros/humble /usr/bin/cmake /home/albertl/Desktop/ros_debug/talk_listen -DCMAKE_INSTALL_PREFIX=/home/albertl/Desktop/ros_debug/install/talk_listen
[1.165s] DEBUG:colcon.colcon_core.event_handler.log_command:Invoking command in '/home/albertl/Desktop/ros_debug/build/talk_listen': ADE_DOCKER_RUN_ARGS=--privileged CMAKE_PREFIX_PATH=/opt/ros/humble /usr/bin/cmake --build /home/albertl/Desktop/ros_debug/build/talk_listen -- -j32 -l32
[7.735s] DEBUG:colcon.colcon_core.event_handler.log_command:Invoked command in '/home/albertl/Desktop/ros_debug/build/talk_listen' returned '0': ADE_DOCKER_RUN_ARGS=--privileged CMAKE_PREFIX_PATH=/opt/ros/humble /usr/bin/cmake --build /home/albertl/Desktop/ros_debug/build/talk_listen -- -j32 -l32
[7.778s] DEBUG:colcon.colcon_core.event_handler.log_command:Invoking command in '/home/albertl/Desktop/ros_debug/build/talk_listen': ADE_DOCKER_RUN_ARGS=--privileged CMAKE_PREFIX_PATH=/opt/ros/humble /usr/bin/cmake --install /home/albertl/Desktop/ros_debug/build/talk_listen
[7.800s] Level 1:colcon.colcon_core.environment:create_environment_scripts_only(talk_listen)
[7.801s] DEBUG:colcon.colcon_core.event_handler.log_command:Invoked command in '/home/albertl/Desktop/ros_debug/build/talk_listen' returned '0': ADE_DOCKER_RUN_ARGS=--privileged CMAKE_PREFIX_PATH=/opt/ros/humble /usr/bin/cmake --install /home/albertl/Desktop/ros_debug/build/talk_listen
[7.802s] Level 1:colcon.colcon_core.environment:checking '/home/albertl/Desktop/ros_debug/install/talk_listen' for CMake module files
[7.802s] Level 1:colcon.colcon_core.environment:checking '/home/albertl/Desktop/ros_debug/install/talk_listen' for CMake config files
[7.803s] Level 1:colcon.colcon_core.shell:create_environment_hook('talk_listen', 'cmake_prefix_path')
[7.803s] INFO:colcon.colcon_core.shell:Creating environment hook '/home/albertl/Desktop/ros_debug/install/talk_listen/share/talk_listen/hook/cmake_prefix_path.ps1'
[7.803s] INFO:colcon.colcon_core.shell:Creating environment descriptor '/home/albertl/Desktop/ros_debug/install/talk_listen/share/talk_listen/hook/cmake_prefix_path.dsv'
[7.803s] INFO:colcon.colcon_core.shell:Creating environment hook '/home/albertl/Desktop/ros_debug/install/talk_listen/share/talk_listen/hook/cmake_prefix_path.sh'
[7.804s] Level 1:colcon.colcon_core.environment:checking '/home/albertl/Desktop/ros_debug/install/talk_listen/lib'
[7.804s] Level 1:colcon.colcon_core.environment:checking '/home/albertl/Desktop/ros_debug/install/talk_listen/bin'
[7.804s] Level 1:colcon.colcon_core.environment:checking '/home/albertl/Desktop/ros_debug/install/talk_listen/lib/pkgconfig/talk_listen.pc'
[7.804s] Level 1:colcon.colcon_core.environment:checking '/home/albertl/Desktop/ros_debug/install/talk_listen/lib/python3.10/site-packages'
[7.804s] Level 1:colcon.colcon_core.environment:checking '/home/albertl/Desktop/ros_debug/install/talk_listen/bin'
[7.804s] INFO:colcon.colcon_core.shell:Creating package script '/home/albertl/Desktop/ros_debug/install/talk_listen/share/talk_listen/package.ps1'
[7.805s] INFO:colcon.colcon_core.shell:Creating package descriptor '/home/albertl/Desktop/ros_debug/install/talk_listen/share/talk_listen/package.dsv'
[7.805s] INFO:colcon.colcon_core.shell:Creating package script '/home/albertl/Desktop/ros_debug/install/talk_listen/share/talk_listen/package.sh'
[7.805s] INFO:colcon.colcon_core.shell:Creating package script '/home/albertl/Desktop/ros_debug/install/talk_listen/share/talk_listen/package.bash'
[7.806s] INFO:colcon.colcon_core.shell:Creating package script '/home/albertl/Desktop/ros_debug/install/talk_listen/share/talk_listen/package.zsh'
[7.806s] Level 1:colcon.colcon_core.environment:create_file_with_runtime_dependencies(/home/albertl/Desktop/ros_debug/install/talk_listen/share/colcon-core/packages/talk_listen)
[7.832s] Level 1:colcon.colcon_core.environment:create_environment_scripts_only(talk_listen)
[7.833s] Level 1:colcon.colcon_core.environment:checking '/home/albertl/Desktop/ros_debug/install/talk_listen' for CMake module files
[7.834s] Level 1:colcon.colcon_core.environment:checking '/home/albertl/Desktop/ros_debug/install/talk_listen' for CMake config files
[7.834s] Level 1:colcon.colcon_core.shell:create_environment_hook('talk_listen', 'cmake_prefix_path')
[7.834s] INFO:colcon.colcon_core.shell:Creating environment hook '/home/albertl/Desktop/ros_debug/install/talk_listen/share/talk_listen/hook/cmake_prefix_path.ps1'
[7.835s] INFO:colcon.colcon_core.shell:Creating environment descriptor '/home/albertl/Desktop/ros_debug/install/talk_listen/share/talk_listen/hook/cmake_prefix_path.dsv'
[7.835s] INFO:colcon.colcon_core.shell:Creating environment hook '/home/albertl/Desktop/ros_debug/install/talk_listen/share/talk_listen/hook/cmake_prefix_path.sh'
[7.836s] Level 1:colcon.colcon_core.environment:checking '/home/albertl/Desktop/ros_debug/install/talk_listen/lib'
[7.837s] Level 1:colcon.colcon_core.environment:checking '/home/albertl/Desktop/ros_debug/install/talk_listen/bin'
[7.837s] Level 1:colcon.colcon_core.environment:checking '/home/albertl/Desktop/ros_debug/install/talk_listen/lib/pkgconfig/talk_listen.pc'
[7.837s] Level 1:colcon.colcon_core.environment:checking '/home/albertl/Desktop/ros_debug/install/talk_listen/lib/python3.10/site-packages'
[7.838s] Level 1:colcon.colcon_core.environment:checking '/home/albertl/Desktop/ros_debug/install/talk_listen/bin'
[7.838s] INFO:colcon.colcon_core.shell:Creating package script '/home/albertl/Desktop/ros_debug/install/talk_listen/share/talk_listen/package.ps1'
[7.839s] INFO:colcon.colcon_core.shell:Creating package descriptor '/home/albertl/Desktop/ros_debug/install/talk_listen/share/talk_listen/package.dsv'
[7.840s] INFO:colcon.colcon_core.shell:Creating package script '/home/albertl/Desktop/ros_debug/install/talk_listen/share/talk_listen/package.sh'
[7.840s] INFO:colcon.colcon_core.shell:Creating package script '/home/albertl/Desktop/ros_debug/install/talk_listen/share/talk_listen/package.bash'
[7.841s] INFO:colcon.colcon_core.shell:Creating package script '/home/albertl/Desktop/ros_debug/install/talk_listen/share/talk_listen/package.zsh'
[7.841s] Level 1:colcon.colcon_core.environment:create_file_with_runtime_dependencies(/home/albertl/Desktop/ros_debug/install/talk_listen/share/colcon-core/packages/talk_listen)
[7.841s] DEBUG:colcon.colcon_parallel_executor.executor.parallel:closing loop
[7.842s] DEBUG:colcon.colcon_parallel_executor.executor.parallel:loop closed
[7.842s] DEBUG:colcon.colcon_parallel_executor.executor.parallel:run_until_complete finished with '0'
[7.842s] DEBUG:colcon.colcon_core.event_reactor:joining thread
[7.849s] INFO:colcon.colcon_core.plugin_system:Skipping extension 'colcon_notification.desktop_notification.terminal_notifier': Not used on non-Darwin systems
[7.849s] INFO:colcon.colcon_core.plugin_system:Skipping extension 'colcon_notification.desktop_notification.win32': Not used on non-Windows systems
[7.849s] INFO:colcon.colcon_notification.desktop_notification:Sending desktop notification using 'notify2'
[7.880s] DEBUG:colcon.colcon_core.event_reactor:joined thread
[7.880s] INFO:colcon.colcon_core.shell:Creating prefix script '/home/albertl/Desktop/ros_debug/install/local_setup.ps1'
[7.882s] INFO:colcon.colcon_core.shell:Creating prefix util module '/home/albertl/Desktop/ros_debug/install/_local_setup_util_ps1.py'
[7.883s] INFO:colcon.colcon_core.shell:Creating prefix chain script '/home/albertl/Desktop/ros_debug/install/setup.ps1'
[7.884s] INFO:colcon.colcon_core.shell:Creating prefix script '/home/albertl/Desktop/ros_debug/install/local_setup.sh'
[7.884s] INFO:colcon.colcon_core.shell:Creating prefix util module '/home/albertl/Desktop/ros_debug/install/_local_setup_util_sh.py'
[7.885s] INFO:colcon.colcon_core.shell:Creating prefix chain script '/home/albertl/Desktop/ros_debug/install/setup.sh'
[7.886s] INFO:colcon.colcon_core.shell:Creating prefix script '/home/albertl/Desktop/ros_debug/install/local_setup.bash'
[7.886s] INFO:colcon.colcon_core.shell:Creating prefix chain script '/home/albertl/Desktop/ros_debug/install/setup.bash'
[7.887s] INFO:colcon.colcon_core.shell:Creating prefix script '/home/albertl/Desktop/ros_debug/install/local_setup.zsh'
[7.887s] INFO:colcon.colcon_core.shell:Creating prefix chain script '/home/albertl/Desktop/ros_debug/install/setup.zsh'
